<?xml version="1.0" encoding="UTF-8"?>
<testng-results ignored="0" total="1" passed="1" failed="0" skipped="0">
  <reporter-output>
    <line>
      <![CDATA[No of Tabs are ==>5]]>
    </line>
    <line>
      <![CDATA[SpiceJet - Flight Booking for Domestic and International, Cheap Air Tickets]]>
    </line>
    <line>
      <![CDATA[Site Map | SpiceJet Airlines]]>
    </line>
    <line>
      <![CDATA[GST Information]]>
    </line>
    <line>
      <![CDATA[Low Cost Air Travel, International Flight Tickets from India, Cheap Airline Tickets India | SpiceJet Airlines]]>
    </line>
    <line>
      <![CDATA[Privacy Policy | SpiceJet Airlines]]>
    </line>
  </reporter-output>
  <suite started-at="2021-09-14T18:05:40 IST" name="SpiceJetAutomation" finished-at="2021-09-14T18:07:57 IST" duration-ms="137045">
    <groups>
    </groups>
    <test started-at="2021-09-14T18:05:40 IST" name="TeamAutomationTest" finished-at="2021-09-14T18:07:57 IST" duration-ms="137045">
      <class name="com.qa.testscript.TC_FooterLinks_007">
        <test-method is-config="true" signature="setUp(java.lang.String)[pri:0, instance:com.qa.testscript.TC_FooterLinks_007@272113c4]" started-at="2021-09-14T18:05:41 IST" name="setUp" finished-at="2021-09-14T18:06:37 IST" duration-ms="56482" status="PASS">
          <params>
            <param index="0">
              <value>
                <![CDATA[https://beta.spicejet.com/]]>
              </value>
            </param>
          </params>
          <reporter-output>
          </reporter-output>
        </test-method> <!-- setUp -->
        <test-method signature="checkFooterLinks()[pri:0, instance:com.qa.testscript.TC_FooterLinks_007@272113c4]" started-at="2021-09-14T18:06:37 IST" name="checkFooterLinks" finished-at="2021-09-14T18:07:55 IST" duration-ms="77169" status="PASS">
          <reporter-output>
            <line>
              <![CDATA[No of Tabs are ==>5]]>
            </line>
            <line>
              <![CDATA[SpiceJet - Flight Booking for Domestic and International, Cheap Air Tickets]]>
            </line>
            <line>
              <![CDATA[Site Map | SpiceJet Airlines]]>
            </line>
            <line>
              <![CDATA[GST Information]]>
            </line>
            <line>
              <![CDATA[Low Cost Air Travel, International Flight Tickets from India, Cheap Airline Tickets India | SpiceJet Airlines]]>
            </line>
            <line>
              <![CDATA[Privacy Policy | SpiceJet Airlines]]>
            </line>
          </reporter-output>
        </test-method> <!-- checkFooterLinks -->
        <test-method is-config="true" signature="tearDown()[pri:0, instance:com.qa.testscript.TC_FooterLinks_007@272113c4]" started-at="2021-09-14T18:07:55 IST" name="tearDown" finished-at="2021-09-14T18:07:57 IST" duration-ms="2026" status="PASS">
          <reporter-output>
          </reporter-output>
        </test-method> <!-- tearDown -->
      </class> <!-- com.qa.testscript.TC_FooterLinks_007 -->
    </test> <!-- TeamAutomationTest -->
  </suite> <!-- SpiceJetAutomation -->
</testng-results>
