<?xml version="1.0" encoding="UTF-8"?>
<!-- Generated by org.testng.reporters.JUnitXMLReporter -->
<testsuite ignored="0" hostname="LAPTOP-P9E99UVO" failures="1" tests="2" name="Test" time="91.777" errors="0" timestamp="2021-09-15T22:25:18 IST">
  <testcase classname="com.qa.testscript.TC_FlightSearch_001" name="FlightSearch" time="30.912">
    <failure type="java.lang.AssertionError" message="expected [Flight Booking for Domestic and International] but found [SpiceJet - Flight Booking for Domestic and International, Cheap Air Tickets]">
      <![CDATA[java.lang.AssertionError: expected [Flight Booking for Domestic and International] but found [SpiceJet - Flight Booking for Domestic and International, Cheap Air Tickets]
at com.qa.testscript.TC_FlightSearch_001.FlightSearch(TC_FlightSearch_001.java:78)
at java.base/java.util.ArrayList.forEach(ArrayList.java:1511)
... Removed 33 stack frames]]>
    </failure>
  </testcase> <!-- FlightSearch -->
  <testcase classname="com.qa.testscript.TC_FlightStatus_001" name="flight_Status" time="14.794"/>
</testsuite> <!-- Test -->
